2022-07-13 17:17:16,221 luigi.scheduler[17762] INFO: No prior state file exists at /var/lib/luigi-server/state.pickle. Starting with empty state
2022-07-13 17:17:16,228 luigi.server[17762] INFO: Scheduler starting up
2022-07-13 17:17:28,479 tornado.access[17762] INFO: 302 GET / (::1) 1.37ms
2022-07-13 17:17:28,526 tornado.access[17762] INFO: 200 GET /static/visualiser/index.html (::1) 39.47ms
2022-07-13 17:17:28,637 tornado.access[17762] INFO: 200 GET /static/visualiser/css/luigi.css (::1) 2.53ms
2022-07-13 17:17:28,681 tornado.access[17762] INFO: 200 GET /static/visualiser/lib/AdminLTE/css/skin-green-light.min.css (::1) 5.21ms
2022-07-13 17:17:28,719 tornado.access[17762] INFO: 200 GET /static/visualiser/lib/datatables/css/jquery.dataTables.min.css (::1) 2.96ms
2022-07-13 17:17:28,739 tornado.access[17762] INFO: 200 GET /static/visualiser/lib/AdminLTE/css/AdminLTE.min.css (::1) 7.21ms
2022-07-13 17:17:28,834 tornado.access[17762] INFO: 200 GET /static/visualiser/lib/jquery-1.10.0.min.js (::1) 11.62ms
2022-07-13 17:17:28,932 tornado.access[17762] INFO: 200 GET /static/visualiser/css/tipsy.css (::1) 4.25ms
2022-07-13 17:17:28,981 tornado.access[17762] INFO: 200 GET /static/visualiser/lib/bootstrap-toggle/css/bootstrap-toggle.min.css (::1) 51.88ms
2022-07-13 17:17:28,985 tornado.access[17762] INFO: 200 GET /static/visualiser/lib/bootstrap3/css/bootstrap-theme.min.css (::1) 54.16ms
2022-07-13 17:17:28,996 tornado.access[17762] INFO: 200 GET /static/visualiser/lib/bootstrap3/js/bootstrap.min.js (::1) 8.81ms
2022-07-13 17:17:29,008 tornado.access[17762] INFO: 200 GET /static/visualiser/lib/bootstrap3/css/bootstrap.min.css (::1) 19.98ms
2022-07-13 17:17:29,014 tornado.access[17762] INFO: 200 GET /static/visualiser/css/font-awesome.min.css (::1) 24.82ms
2022-07-13 17:17:29,032 tornado.access[17762] INFO: 200 GET /static/visualiser/lib/d3/d3.min.js (::1) 32.81ms
2022-07-13 17:17:29,081 tornado.access[17762] INFO: 200 GET /static/visualiser/lib/d3/dagre-d3.min.js (::1) 25.15ms
2022-07-13 17:17:29,091 tornado.access[17762] INFO: 200 GET /static/visualiser/lib/jquery.slimscroll.min.js (::1) 2.43ms
2022-07-13 17:17:29,107 tornado.access[17762] INFO: 200 GET /static/visualiser/lib/mustache.js (::1) 18.34ms
2022-07-13 17:17:29,122 tornado.access[17762] INFO: 200 GET /static/visualiser/js/luigi.js (::1) 4.22ms
2022-07-13 17:17:29,131 tornado.access[17762] INFO: 200 GET /static/visualiser/js/graph.js (::1) 12.67ms
2022-07-13 17:17:29,139 tornado.access[17762] INFO: 200 GET /static/visualiser/js/visualiserApp.js (::1) 20.25ms
2022-07-13 17:17:29,143 tornado.access[17762] INFO: 200 GET /static/visualiser/js/tipsy.js (::1) 23.60ms
2022-07-13 17:17:29,150 tornado.access[17762] INFO: 200 GET /static/visualiser/lib/AdminLTE/js/app.min.js (::1) 4.90ms
2022-07-13 17:17:29,167 tornado.access[17762] INFO: 200 GET /static/visualiser/lib/datatables/js/jquery.dataTables.min.js (::1) 20.62ms
2022-07-13 17:17:29,179 tornado.access[17762] INFO: 200 GET /static/visualiser/lib/URI/1.18.2/URI.js (::1) 9.89ms
2022-07-13 17:17:29,182 tornado.access[17762] INFO: 200 GET /static/visualiser/lib/bootstrap-toggle/js/bootstrap-toggle.min.js (::1) 12.55ms
2022-07-13 17:17:29,526 tornado.access[17762] INFO: 200 GET /static/visualiser/fonts/fontawesome-webfont.woff2?v=4.3.0 (::1) 2.24ms
2022-07-13 17:17:29,680 tornado.access[17762] INFO: 200 GET /api/has_task_history?data=%7B%7D (::1) 6.51ms
2022-07-13 17:17:29,688 tornado.access[17762] INFO: 200 GET /api/is_pause_enabled?data=%7B%7D (::1) 3.06ms
2022-07-13 17:17:29,702 tornado.access[17762] INFO: 200 GET /api/worker_list?data=%7B%7D (::1) 11.06ms
2022-07-13 17:17:29,713 tornado.access[17762] INFO: 200 GET /api/resource_list?data=%7B%7D (::1) 16.38ms
2022-07-13 17:17:29,715 tornado.access[17762] INFO: 200 GET /static/visualiser/lib/datatables/images/sort_both.png (::1) 16.86ms
2022-07-13 17:17:29,717 tornado.access[17762] INFO: 200 GET /api/task_list?data=%7B%22status%22%3A%22RUNNING%22%2C%22upstream_status%22%3A%22%22%2C%22search%22%3A%22%22%7D (::1) 17.86ms
2022-07-13 17:17:29,722 tornado.access[17762] INFO: 200 GET /api/task_list?data=%7B%22status%22%3A%22FAILED%22%2C%22upstream_status%22%3A%22%22%2C%22search%22%3A%22%22%7D (::1) 2.71ms
2022-07-13 17:17:29,728 tornado.access[17762] INFO: 200 GET /api/task_list?data=%7B%22status%22%3A%22PENDING%22%2C%22upstream_status%22%3A%22UPSTREAM_FAILED%22%2C%22search%22%3A%22%22%7D (::1) 5.13ms
2022-07-13 17:17:29,731 tornado.access[17762] INFO: 200 GET /api/task_list?data=%7B%22status%22%3A%22BATCH_RUNNING%22%2C%22upstream_status%22%3A%22%22%2C%22search%22%3A%22%22%7D (::1) 5.31ms
2022-07-13 17:17:29,785 tornado.access[17762] INFO: 200 GET /api/task_list?data=%7B%22status%22%3A%22DISABLED%22%2C%22upstream_status%22%3A%22%22%2C%22search%22%3A%22%22%7D (::1) 2.89ms
2022-07-13 17:17:29,802 tornado.access[17762] INFO: 200 GET /api/task_list?data=%7B%22status%22%3A%22PENDING%22%2C%22upstream_status%22%3A%22UPSTREAM_DISABLED%22%2C%22search%22%3A%22%22%7D (::1) 4.01ms
2022-07-13 17:17:29,814 tornado.access[17762] INFO: 200 GET /api/task_list?data=%7B%22status%22%3A%22PENDING%22%2C%22upstream_status%22%3A%22%22%2C%22search%22%3A%22%22%7D (::1) 14.18ms
2022-07-13 17:17:29,819 tornado.access[17762] INFO: 200 GET /api/task_list?data=%7B%22status%22%3A%22DONE%22%2C%22upstream_status%22%3A%22%22%2C%22search%22%3A%22%22%7D (::1) 2.65ms
2022-07-13 17:17:29,831 tornado.access[17762] INFO: 200 GET /api/is_paused?data=%7B%7D (::1) 8.00ms
2022-07-13 17:17:30,071 tornado.access[17762] WARNING: 404 GET /favicon.ico (::1) 14.65ms
